
  ___  ____  ____  ____  ____ ®
 /__    /   ____/   /   ____/      18.0
___/   /   /___/   /   /___/       SE—Standard Edition

 Statistics and Data Science       Copyright 1985-2023 StataCorp LLC
                                   StataCorp
                                   4905 Lakeway Drive
                                   College Station, Texas 77845 USA
                                   800-STATA-PC        https://www.stata.com
                                   979-696-4600        stata@stata.com

Stata license: Unlimited-user network, expiring 16 Aug 2026
Serial number: 401909309297
  Licensed to: andrezconz
               Universidad de los Andes

Notes:
      1. Stata is running in batch mode.
      2. Unicode is supported; see help unicode_advice.
      3. Maximum number of variables is set to 5,000 but can be increased; see
          help set_maxvar.

. do 1_construct_dataset_from_raw_inputs.do 

. /*
> 
> Purpose: Master Do File for Dataset Construction
> 
> This script takes in raw data input files either downloaded from the internet or
>  constructed using merge_transform_average.py
> (https://bitbucket.org/ClimateImpactLab/climate_data_aggregation/src/master/). P
> lease use 0_Clim_Config_Gen.do to write configs
> that are passed into the Climate Data Aggregation code.
> 
> Before this do file is run the following steps need to be completed:
> 
> 1) Load, population, and income data must be extracted.
>         -Please refer to https://paper.dropbox.com/doc/Energy-Replication-Data-E
> xtraction-and-Clean--AcW~Qw9B5VVB29k4PJCYL1I3Ag-VAYyKKRjKXNub5MzctYgB
>         for data extraction instructions.
> 
> 2) Climate Data Must be Generated
>         - Climate Data is generated to reflect geographical regions used in the 
> load data. 
>         See the dropbox paper referenced above as well as the aggregated climate
>  data cleaning code to understand how the 
>         climate data is generated to reflect load data specific geographic regio
> ns.
> 
> What happens in the do files called in this script:
> 
> Step 1) Construct Population, Income, Load, and Climate Datasets
> Step 2) Merge Population, Income, Load and Climate Datasets
> 
> */
. 
. 
. clear all

. set more off

. macro drop _all

. pause off

. cap ssc install rangestat

. global LOG: env LOG

. log using $LOG/0_make_dataset/1_construct_dataset_from_raw_inputs.log, replace
(file
    /Users/andrezconz/energy-data/LOG/0_make_dataset/1_construct_dataset_from_ra
    > w_inputs.log not found)
file
    /Users/andrezconz/energy-data/LOG/0_make_dataset/1_construct_dataset_from_ra
    > w_inputs.log could not be opened
r(603);

end of do-file
r(603);
