
  ___  ____  ____  ____  ____ ®
 /__    /   ____/   /   ____/      18.0
___/   /   /___/   /   /___/       SE—Standard Edition

 Statistics and Data Science       Copyright 1985-2023 StataCorp LLC
                                   StataCorp
                                   4905 Lakeway Drive
                                   College Station, Texas 77845 USA
                                   800-STATA-PC        https://www.stata.com
                                   979-696-4600        stata@stata.com

Stata license: Unlimited-user network, expiring 16 Aug 2026
Serial number: 401909309297
  Licensed to: andrezconz
               Universidad de los Andes

Notes:
      1. Stata is running in batch mode.
      2. Unicode is supported; see help unicode_advice.
      3. Maximum number of variables is set to 5,000 but can be increased; see
          help set_maxvar.

. do 2_construct_regression_ready_data.do 

. /*
> 
> Purpose: Master Do File for Analysis Dataset Construction
> (Takes dataset from cleaned from IEA_merged_long*.dta to GMFD_*_regsort.dta)
> 
> Step 1) Construct reporting regimes and drop data according to selected coded is
> sues
> Step 2) Match product specific climate data with product
> Step 3) Identify income spline knot location by constructing two income groups f
> or each product
> Step 4) Perform Final Cleaning Steps before first differenced interacted variabl
> e construction
>         * Classify countries within 1 of 13 UN regions
>         * Classify countries in income deciles and groups
> Step 5) Construct First Differenced Interacted Variables
>  
> */
. 
. clear all

. set more off

. qui ssc inst egenmore

. macro drop _all

. pause off

. global LOG: env LOG

. log using $LOG/0_make_dataset/2_construct_regression_ready_data.log, replace
(file
    /Users/andrezconz/energy-data/LOG/0_make_dataset/2_construct_regression_read
    > y_data.log not found)
file
    /Users/andrezconz/energy-data/LOG/0_make_dataset/2_construct_regression_read
    > y_data.log could not be opened
r(603);

end of do-file
r(603);
