
  ___  ____  ____  ____  ____ ®
 /__    /   ____/   /   ____/      18.0
___/   /   /___/   /   /___/       SE—Standard Edition

 Statistics and Data Science       Copyright 1985-2023 StataCorp LLC
                                   StataCorp
                                   4905 Lakeway Drive
                                   College Station, Texas 77845 USA
                                   800-STATA-PC        https://www.stata.com
                                   979-696-4600        stata@stata.com

Stata license: Unlimited-user network, expiring 16 Aug 2026
Serial number: 401909309297
  Licensed to: andrezconz
               Universidad de los Andes

Notes:
      1. Stata is running in batch mode.
      2. Unicode is supported; see help unicode_advice.
      3. Maximum number of variables is set to 5,000 but can be increased; see
          help set_maxvar.

. do 1_uninteracted_regression.do 

. /*
> Purpose: Estimate and Plot stacked global energy-temperature response
> */
. 
. clear all

. set more off

. macro drop _all

. global LOG: env LOG

. log using $LOG/1_analysis/1_uninteracted_regression.log, replace
(file /Users/andrezconz/energy-data/LOG/1_analysis/1_uninteracted_regression.log
    not found)
file /Users/andrezconz/energy-data/LOG/1_analysis/1_uninteracted_regression.log
    could not be opened
r(603);

end of do-file
r(603);
